{
  "MiniTest": {
    "coverage": {
      "/Users/notmarkmiranda/turing/3module/projects/apicurious/app/models/user.rb": [
        1,
        null,
        1,
        0,
        0,
        null,
        null,
        null,
        0,
        null,
        null,
        null
      ],
      "/Users/notmarkmiranda/turing/3module/projects/apicurious/app/controllers/pages_controller.rb": [
        1,
        null,
        1,
        1,
        null,
        null,
        1,
        0,
        null,
        null
      ],
      "/Users/notmarkmiranda/turing/3module/projects/apicurious/app/controllers/application_controller.rb": [
        1,
        null,
        null,
        1,
        null,
        1,
        null,
        1,
        1,
        null,
        null
      ],
      "/Users/notmarkmiranda/turing/3module/projects/apicurious/app/helpers/application_helper.rb": [
        1,
        null
      ],
      "/Users/notmarkmiranda/turing/3module/projects/apicurious/app/controllers/sessions_controller.rb": [
        0,
        0,
        0,
        0,
        0,
        0,
        0,
        0,
        0,
        0,
        0,
        0,
        0,
        0,
        0,
        0,
        0
      ],
      "/Users/notmarkmiranda/turing/3module/projects/apicurious/app/controllers/spages_controller.rb": [
        0,
        0,
        0,
        0,
        0,
        0,
        0
      ],
      "/Users/notmarkmiranda/turing/3module/projects/apicurious/app/controllers/tweets_controller.rb": [

      ],
      "/Users/notmarkmiranda/turing/3module/projects/apicurious/app/models/tweet.rb": [

      ],
      "/Users/notmarkmiranda/turing/3module/projects/apicurious/app/services/twitter_service.rb": [
        0,
        0,
        0,
        0,
        0,
        0,
        0,
        0,
        0,
        0,
        0,
        0,
        0,
        0,
        0,
        0,
        0,
        0,
        0,
        0,
        0,
        0,
        0,
        0,
        0,
        0,
        0,
        0
      ]
    },
    "timestamp": 1464189673
  },
  "Integration Tests": {
    "coverage": {
      "/Users/notmarkmiranda/turing/3module/projects/apicurious/app/controllers/application_controller.rb": [
        0,
        0,
        0,
        0,
        0,
        0,
        0,
        0,
        0,
        0,
        0
      ],
      "/Users/notmarkmiranda/turing/3module/projects/apicurious/app/controllers/pages_controller.rb": [
        0,
        0,
        0
      ],
      "/Users/notmarkmiranda/turing/3module/projects/apicurious/app/controllers/sessions_controller.rb": [
        0,
        0,
        0,
        0,
        0,
        0,
        0,
        0,
        0,
        0,
        0,
        0,
        0
      ],
      "/Users/notmarkmiranda/turing/3module/projects/apicurious/app/helpers/application_helper.rb": [
        0,
        0
      ],
      "/Users/notmarkmiranda/turing/3module/projects/apicurious/app/models/user.rb": [
        0,
        0,
        0,
        0,
        0,
        0,
        0,
        0,
        0,
        0
      ],
      "/Users/notmarkmiranda/turing/3module/projects/apicurious/app/services/twitter_service.rb": [
        0,
        0,
        0,
        0,
        0,
        0,
        0,
        0
      ]
    },
    "timestamp": 1464046236
  },
  "Unit Tests": {
    "coverage": {
      "/Users/notmarkmiranda/turing/3module/projects/apicurious/app/controllers/application_controller.rb": [
        0,
        0,
        0,
        0,
        0,
        0,
        0,
        0,
        0,
        0,
        0
      ],
      "/Users/notmarkmiranda/turing/3module/projects/apicurious/app/controllers/pages_controller.rb": [
        0,
        0,
        0,
        0,
        0,
        0,
        0,
        0,
        0,
        0
      ],
      "/Users/notmarkmiranda/turing/3module/projects/apicurious/app/controllers/sessions_controller.rb": [
        0,
        0,
        0,
        0,
        0,
        0,
        0,
        0,
        0,
        0,
        0,
        0,
        0,
        0,
        0,
        0,
        0
      ],
      "/Users/notmarkmiranda/turing/3module/projects/apicurious/app/controllers/spages_controller.rb": [
        0,
        0,
        0,
        0,
        0,
        0,
        0
      ],
      "/Users/notmarkmiranda/turing/3module/projects/apicurious/app/controllers/tweets_controller.rb": [

      ],
      "/Users/notmarkmiranda/turing/3module/projects/apicurious/app/helpers/application_helper.rb": [
        0,
        0
      ],
      "/Users/notmarkmiranda/turing/3module/projects/apicurious/app/models/tweet.rb": [
        0,
        0,
        0
      ],
      "/Users/notmarkmiranda/turing/3module/projects/apicurious/app/models/user.rb": [
        0,
        0,
        0,
        0,
        0,
        0,
        0,
        0,
        0,
        0,
        0,
        0
      ],
      "/Users/notmarkmiranda/turing/3module/projects/apicurious/app/services/twitter_service.rb": [
        0,
        0,
        0,
        0,
        0,
        0,
        0,
        0,
        0,
        0,
        0,
        0,
        0,
        0,
        0,
        0,
        0,
        0,
        0,
        0,
        0,
        0,
        0,
        0,
        0,
        0,
        0
      ]
    },
    "timestamp": 1464203057
  },
  "RSpec": {
    "coverage": {
      "/Users/notmarkmiranda/turing/3module/projects/apicurious/app/helpers/application_helper.rb": [
        1,
        null
      ],
      "/Users/notmarkmiranda/turing/3module/projects/apicurious/app/controllers/pages_controller.rb": [
        1,
        null,
        1,
        1,
        null,
        null,
        1,
        1,
        null,
        null,
        1,
        1,
        1,
        null,
        null,
        1,
        1,
        1,
        null,
        null
      ],
      "/Users/notmarkmiranda/turing/3module/projects/apicurious/app/controllers/application_controller.rb": [
        1,
        null,
        null,
        1,
        null,
        1,
        null,
        1,
        1,
        null,
        null
      ],
      "/Users/notmarkmiranda/turing/3module/projects/apicurious/app/controllers/sessions_controller.rb": [
        1,
        1,
        3,
        2,
        2,
        null,
        1,
        null,
        null,
        null,
        1,
        1,
        1,
        null,
        null,
        1,
        1,
        3,
        null,
        null
      ],
      "/Users/notmarkmiranda/turing/3module/projects/apicurious/app/models/tweet.rb": [
        1,
        null,
        1,
        2,
        96,
        null,
        null,
        null,
        1,
        2,
        100,
        null,
        null,
        null,
        1,
        2,
        40,
        null,
        null,
        null,
        1,
        3,
        3,
        null,
        null
      ],
      "/Users/notmarkmiranda/turing/3module/projects/apicurious/app/models/user.rb": [
        1,
        null,
        1,
        6,
        5,
        null,
        5,
        null,
        5,
        null,
        null,
        null,
        null
      ],
      "/Users/notmarkmiranda/turing/3module/projects/apicurious/app/services/twitter_service.rb": [
        1,
        null,
        1,
        3,
        null,
        null,
        1,
        3,
        null,
        null,
        1,
        3,
        null,
        null,
        1,
        4,
        null,
        null,
        1,
        null,
        1,
        13,
        null,
        null,
        13,
        null,
        13,
        13,
        null,
        null,
        1,
        13,
        null,
        null,
        1,
        13,
        null,
        null,
        null
      ],
      "/Users/notmarkmiranda/turing/3module/projects/apicurious/app/controllers/tweets_controller.rb": [

      ]
    },
    "timestamp": 1464267539
  }
}
